<component name="libraryTable">
  <library name="junit-4.12">
    <CLASSES>
      <root url="jar://$PROJECT_DIR$/.idea/lib/junit-4.12.jar!/" />
      <root url="jar://$PROJECT_DIR$/.idea/lib/selenium-server-standalone-3.0.1.jar!/" />
      <root url="jar://$PROJECT_DIR$/.idea/lib/client-combined-3.0.1-nodeps.jar!/" />
    </CLASSES>
    <JAVADOC />
    <SOURCES />
  </library>
</component>